# JRE version: OpenJDK Runtime Environment Temurin-17.0.10+7 (17.0.10+7) (build 17.0.10+7)
# Java VM: OpenJDK 64-Bit Server VM Temurin-17.0.10+7 (17.0.10+7, mixed mode, tiered, compressed oops, compressed class ptrs, parallel gc, windows-amd64)
GC Precious Log:
 CPUs: 20 total, 20 available
 Memory: 32607M
 Large Page Support: Disabled
 NUMA Support: Disabled
 Compressed Oops: Enabled (32-bit)
 Alignments: Space 512K, Generation 512K, Heap 2M
 Heap Min Capacity: 100M
 Heap Initial Capacity: 100M
 Heap Max Capacity: 1G
 Pre-touch: Disabled
 Parallel Workers: 15
Heap:
 PSYoungGen      total 20992K, used 5327K [0x00000000eab00000, 0x00000000ec380000, 0x0000000100000000)
  eden space 16896K, 9% used [0x00000000eab00000,0x00000000eac838a8,0x00000000ebb80000)
  from space 4096K, 92% used [0x00000000ebc00000,0x00000000ebfb06d8,0x00000000ec000000)
  to   space 3584K, 0% used [0x00000000ec000000,0x00000000ec000000,0x00000000ec380000)
 ParOldGen       total 68608K, used 48831K [0x00000000c0000000, 0x00000000c4300000, 0x00000000eab00000)
  object space 68608K, 71% used [0x00000000c0000000,0x00000000c2fafcd0,0x00000000c4300000)
 Metaspace       used 56661K, committed 57664K, reserved 1114112K
  class space    used 6080K, committed 6528K, reserved 1048576K
GC Heap History (20 events):
Event: 5.505 GC heap before
{Heap before GC invocations=23 (full 2):
 PSYoungGen      total 21504K, used 21472K [0x00000000eab00000, 0x00000000ec800000, 0x0000000100000000)
  eden space 19456K, 100% used [0x00000000eab00000,0x00000000ebe00000,0x00000000ebe00000)
  from space 2048K, 98% used [0x00000000ec200000,0x00000000ec3f8010,0x00000000ec400000)
  to   space 4096K, 0% used [0x00000000ebe00000,0x00000000ebe00000,0x00000000ec200000)
 ParOldGen       total 68608K, used 26544K [0x00000000c0000000, 0x00000000c4300000, 0x00000000eab00000)
  object space 68608K, 38% used [0x00000000c0000000,0x00000000c19ec140,0x00000000c4300000)
 Metaspace       used 52072K, committed 52992K, reserved 1114112K
  class space    used 5626K, committed 6080K, reserved 1048576K
}
Event: 5.506 GC heap after
{Heap after GC invocations=23 (full 2):
 PSYoungGen      total 21504K, used 2016K [0x00000000eab00000, 0x00000000ec400000, 0x0000000100000000)
  eden space 19456K, 0% used [0x00000000eab00000,0x00000000eab00000,0x00000000ebe00000)
  from space 2048K, 98% used [0x00000000ebe00000,0x00000000ebff8000,0x00000000ec000000)
  to   space 3072K, 0% used [0x00000000ec100000,0x00000000ec100000,0x00000000ec400000)
 ParOldGen       total 68608K, used 28440K [0x00000000c0000000, 0x00000000c4300000, 0x00000000eab00000)
  object space 68608K, 41% used [0x00000000c0000000,0x00000000c1bc6150,0x00000000c4300000)
 Metaspace       used 52072K, committed 52992K, reserved 1114112K
  class space    used 5626K, committed 6080K, reserved 1048576K
}
Event: 5.517 GC heap before
{Heap before GC invocations=24 (full 2):
 PSYoungGen      total 21504K, used 21472K [0x00000000eab00000, 0x00000000ec400000, 0x0000000100000000)
  eden space 19456K, 100% used [0x00000000eab00000,0x00000000ebe00000,0x00000000ebe00000)
  from space 2048K, 98% used [0x00000000ebe00000,0x00000000ebff8000,0x00000000ec000000)
  to   space 3072K, 0% used [0x00000000ec100000,0x00000000ec100000,0x00000000ec400000)
 ParOldGen       total 68608K, used 28440K [0x00000000c0000000, 0x00000000c4300000, 0x00000000eab00000)
  object space 68608K, 41% used [0x00000000c0000000,0x00000000c1bc6150,0x00000000c4300000)
 Metaspace       used 52072K, committed 52992K, reserved 1114112K
  class space    used 5626K, committed 6080K, reserved 1048576K
}
Event: 5.518 GC heap after
{Heap after GC invocations=24 (full 2):
 PSYoungGen      total 22016K, used 2208K [0x00000000eab00000, 0x00000000ec380000, 0x0000000100000000)
  eden space 19456K, 0% used [0x00000000eab00000,0x00000000eab00000,0x00000000ebe00000)
  from space 2560K, 86% used [0x00000000ec100000,0x00000000ec328010,0x00000000ec380000)
  to   space 2560K, 0% used [0x00000000ebe80000,0x00000000ebe80000,0x00000000ec100000)
 ParOldGen       total 68608K, used 30232K [0x00000000c0000000, 0x00000000c4300000, 0x00000000eab00000)
  object space 68608K, 44% used [0x00000000c0000000,0x00000000c1d86150,0x00000000c4300000)
 Metaspace       used 52072K, committed 52992K, reserved 1114112K
  class space    used 5626K, committed 6080K, reserved 1048576K
}
Event: 5.528 GC heap before
{Heap before GC invocations=25 (full 2):
 PSYoungGen      total 22016K, used 21664K [0x00000000eab00000, 0x00000000ec380000, 0x0000000100000000)
  eden space 19456K, 100% used [0x00000000eab00000,0x00000000ebe00000,0x00000000ebe00000)
  from space 2560K, 86% used [0x00000000ec100000,0x00000000ec328010,0x00000000ec380000)
  to   space 2560K, 0% used [0x00000000ebe80000,0x00000000ebe80000,0x00000000ec100000)
 ParOldGen       total 68608K, used 30232K [0x00000000c0000000, 0x00000000c4300000, 0x00000000eab00000)
  object space 68608K, 44% used [0x00000000c0000000,0x00000000c1d86150,0x00000000c4300000)
 Metaspace       used 52072K, committed 52992K, reserved 1114112K
  class space    used 5626K, committed 6080K, reserved 1048576K
}
Event: 5.529 GC heap after
{Heap after GC invocations=25 (full 2):
 PSYoungGen      total 21504K, used 1824K [0x00000000eab00000, 0x00000000ec200000, 0x0000000100000000)
  eden space 19456K, 0% used [0x00000000eab00000,0x00000000eab00000,0x00000000ebe00000)
  from space 2048K, 89% used [0x00000000ebe80000,0x00000000ec048000,0x00000000ec080000)
  to   space 1536K, 0% used [0x00000000ec080000,0x00000000ec080000,0x00000000ec200000)
 ParOldGen       total 68608K, used 32240K [0x00000000c0000000, 0x00000000c4300000, 0x00000000eab00000)
  object space 68608K, 46% used [0x00000000c0000000,0x00000000c1f7c160,0x00000000c4300000)
 Metaspace       used 52072K, committed 52992K, reserved 1114112K
  class space    used 5626K, committed 6080K, reserved 1048576K
}
Event: 5.635 GC heap before
{Heap before GC invocations=26 (full 2):
 PSYoungGen      total 21504K, used 21280K [0x00000000eab00000, 0x00000000ec200000, 0x0000000100000000)
  eden space 19456K, 100% used [0x00000000eab00000,0x00000000ebe00000,0x00000000ebe00000)
  from space 2048K, 89% used [0x00000000ebe80000,0x00000000ec048000,0x00000000ec080000)
  to   space 1536K, 0% used [0x00000000ec080000,0x00000000ec080000,0x00000000ec200000)
 ParOldGen       total 68608K, used 32240K [0x00000000c0000000, 0x00000000c4300000, 0x00000000eab00000)
  object space 68608K, 46% used [0x00000000c0000000,0x00000000c1f7c160,0x00000000c4300000)
 Metaspace       used 53250K, committed 54208K, reserved 1114112K
  class space    used 5750K, committed 6208K, reserved 1048576K
}
Event: 5.636 GC heap after
{Heap after GC invocations=26 (full 2):
 PSYoungGen      total 18432K, used 1527K [0x00000000eab00000, 0x00000000ec800000, 0x0000000100000000)
  eden space 16896K, 0% used [0x00000000eab00000,0x00000000eab00000,0x00000000ebb80000)
  from space 1536K, 99% used [0x00000000ec080000,0x00000000ec1fdfc8,0x00000000ec200000)
  to   space 5120K, 0% used [0x00000000ebb80000,0x00000000ebb80000,0x00000000ec080000)
 ParOldGen       total 68608K, used 35176K [0x00000000c0000000, 0x00000000c4300000, 0x00000000eab00000)
  object space 68608K, 51% used [0x00000000c0000000,0x00000000c225a248,0x00000000c4300000)
 Metaspace       used 53250K, committed 54208K, reserved 1114112K
  class space    used 5750K, committed 6208K, reserved 1048576K
}
Event: 5.663 GC heap before
{Heap before GC invocations=27 (full 2):
 PSYoungGen      total 18432K, used 18423K [0x00000000eab00000, 0x00000000ec800000, 0x0000000100000000)
  eden space 16896K, 100% used [0x00000000eab00000,0x00000000ebb80000,0x00000000ebb80000)
  from space 1536K, 99% used [0x00000000ec080000,0x00000000ec1fdfc8,0x00000000ec200000)
  to   space 5120K, 0% used [0x00000000ebb80000,0x00000000ebb80000,0x00000000ec080000)
 ParOldGen       total 68608K, used 35176K [0x00000000c0000000, 0x00000000c4300000, 0x00000000eab00000)
  object space 68608K, 51% used [0x00000000c0000000,0x00000000c225a248,0x00000000c4300000)
 Metaspace       used 53477K, committed 54464K, reserved 1114112K
  class space    used 5777K, committed 6208K, reserved 1048576K
}
Event: 5.664 GC heap after
{Heap after GC invocations=27 (full 2):
 PSYoungGen      total 18432K, used 1280K [0x00000000eab00000, 0x00000000ec100000, 0x0000000100000000)
  eden space 16896K, 0% used [0x00000000eab00000,0x00000000eab00000,0x00000000ebb80000)
  from space 1536K, 83% used [0x00000000ebb80000,0x00000000ebcc0000,0x00000000ebd00000)
  to   space 2560K, 0% used [0x00000000ebe80000,0x00000000ebe80000,0x00000000ec100000)
 ParOldGen       total 68608K, used 36746K [0x00000000c0000000, 0x00000000c4300000, 0x00000000eab00000)
  object space 68608K, 53% used [0x00000000c0000000,0x00000000c23e2938,0x00000000c4300000)
 Metaspace       used 53477K, committed 54464K, reserved 1114112K
  class space    used 5777K, committed 6208K, reserved 1048576K
}
Event: 5.691 GC heap before
{Heap before GC invocations=28 (full 2):
 PSYoungGen      total 18432K, used 18176K [0x00000000eab00000, 0x00000000ec100000, 0x0000000100000000)
  eden space 16896K, 100% used [0x00000000eab00000,0x00000000ebb80000,0x00000000ebb80000)
  from space 1536K, 83% used [0x00000000ebb80000,0x00000000ebcc0000,0x00000000ebd00000)
  to   space 2560K, 0% used [0x00000000ebe80000,0x00000000ebe80000,0x00000000ec100000)
 ParOldGen       total 68608K, used 36746K [0x00000000c0000000, 0x00000000c4300000, 0x00000000eab00000)
  object space 68608K, 53% used [0x00000000c0000000,0x00000000c23e2938,0x00000000c4300000)
 Metaspace       used 53744K, committed 54720K, reserved 1114112K
  class space    used 5803K, committed 6208K, reserved 1048576K
}
Event: 5.692 GC heap after
{Heap after GC invocations=28 (full 2):
 PSYoungGen      total 19456K, used 2176K [0x00000000eab00000, 0x00000000ec100000, 0x0000000100000000)
  eden space 16896K, 0% used [0x00000000eab00000,0x00000000eab00000,0x00000000ebb80000)
  from space 2560K, 85% used [0x00000000ebe80000,0x00000000ec0a0000,0x00000000ec100000)
  to   space 2560K, 0% used [0x00000000ebc00000,0x00000000ebc00000,0x00000000ebe80000)
 ParOldGen       total 68608K, used 37822K [0x00000000c0000000, 0x00000000c4300000, 0x00000000eab00000)
  object space 68608K, 55% used [0x00000000c0000000,0x00000000c24ef948,0x00000000c4300000)
 Metaspace       used 53744K, committed 54720K, reserved 1114112K
  class space    used 5803K, committed 6208K, reserved 1048576K
}
Event: 5.727 GC heap before
{Heap before GC invocations=29 (full 2):
 PSYoungGen      total 19456K, used 19072K [0x00000000eab00000, 0x00000000ec100000, 0x0000000100000000)
  eden space 16896K, 100% used [0x00000000eab00000,0x00000000ebb80000,0x00000000ebb80000)
  from space 2560K, 85% used [0x00000000ebe80000,0x00000000ec0a0000,0x00000000ec100000)
  to   space 2560K, 0% used [0x00000000ebc00000,0x00000000ebc00000,0x00000000ebe80000)
 ParOldGen       total 68608K, used 37822K [0x00000000c0000000, 0x00000000c4300000, 0x00000000eab00000)
  object space 68608K, 55% used [0x00000000c0000000,0x00000000c24ef948,0x00000000c4300000)
 Metaspace       used 54355K, committed 55360K, reserved 1114112K
  class space    used 5841K, committed 6272K, reserved 1048576K
}
Event: 5.728 GC heap after
{Heap after GC invocations=29 (full 2):
 PSYoungGen      total 17920K, used 672K [0x00000000eab00000, 0x00000000ebf00000, 0x0000000100000000)
  eden space 16896K, 0% used [0x00000000eab00000,0x00000000eab00000,0x00000000ebb80000)
  from space 1024K, 65% used [0x00000000ebc00000,0x00000000ebca8000,0x00000000ebd00000)
  to   space 1536K, 0% used [0x00000000ebd80000,0x00000000ebd80000,0x00000000ebf00000)
 ParOldGen       total 68608K, used 39847K [0x00000000c0000000, 0x00000000c4300000, 0x00000000eab00000)
  object space 68608K, 58% used [0x00000000c0000000,0x00000000c26e9db8,0x00000000c4300000)
 Metaspace       used 54355K, committed 55360K, reserved 1114112K
  class space    used 5841K, committed 6272K, reserved 1048576K
}
Event: 6.131 GC heap before
{Heap before GC invocations=30 (full 2):
 PSYoungGen      total 17920K, used 17568K [0x00000000eab00000, 0x00000000ebf00000, 0x0000000100000000)
  eden space 16896K, 100% used [0x00000000eab00000,0x00000000ebb80000,0x00000000ebb80000)
  from space 1024K, 65% used [0x00000000ebc00000,0x00000000ebca8000,0x00000000ebd00000)
  to   space 1536K, 0% used [0x00000000ebd80000,0x00000000ebd80000,0x00000000ebf00000)
 ParOldGen       total 68608K, used 39847K [0x00000000c0000000, 0x00000000c4300000, 0x00000000eab00000)
  object space 68608K, 58% used [0x00000000c0000000,0x00000000c26e9db8,0x00000000c4300000)
 Metaspace       used 56452K, committed 57472K, reserved 1114112K
  class space    used 6068K, committed 6528K, reserved 1048576K
}
Event: 6.131 GC heap after
{Heap after GC invocations=30 (full 2):
 PSYoungGen      total 18432K, used 1460K [0x00000000eab00000, 0x00000000ebf80000, 0x0000000100000000)
  eden space 16896K, 0% used [0x00000000eab00000,0x00000000eab00000,0x00000000ebb80000)
  from space 1536K, 95% used [0x00000000ebd80000,0x00000000ebeed028,0x00000000ebf00000)
  to   space 2048K, 0% used [0x00000000ebb80000,0x00000000ebb80000,0x00000000ebd80000)
 ParOldGen       total 68608K, used 40250K [0x00000000c0000000, 0x00000000c4300000, 0x00000000eab00000)
  object space 68608K, 58% used [0x00000000c0000000,0x00000000c274ea98,0x00000000c4300000)
 Metaspace       used 56452K, committed 57472K, reserved 1114112K
  class space    used 6068K, committed 6528K, reserved 1048576K
}
Event: 6.204 GC heap before
{Heap before GC invocations=31 (full 2):
 PSYoungGen      total 18432K, used 18356K [0x00000000eab00000, 0x00000000ebf80000, 0x0000000100000000)
  eden space 16896K, 99% used [0x00000000eab00000,0x00000000ebb7fff8,0x00000000ebb80000)
  from space 1536K, 95% used [0x00000000ebd80000,0x00000000ebeed028,0x00000000ebf00000)
  to   space 2048K, 0% used [0x00000000ebb80000,0x00000000ebb80000,0x00000000ebd80000)
 ParOldGen       total 68608K, used 40250K [0x00000000c0000000, 0x00000000c4300000, 0x00000000eab00000)
  object space 68608K, 58% used [0x00000000c0000000,0x00000000c274ea98,0x00000000c4300000)
 Metaspace       used 56634K, committed 57664K, reserved 1114112K
  class space    used 6080K, committed 6528K, reserved 1048576K
}
Event: 6.205 GC heap after
{Heap after GC invocations=31 (full 2):
 PSYoungGen      total 18944K, used 2038K [0x00000000eab00000, 0x00000000ec680000, 0x0000000100000000)
  eden space 16896K, 0% used [0x00000000eab00000,0x00000000eab00000,0x00000000ebb80000)
  from space 2048K, 99% used [0x00000000ebb80000,0x00000000ebd7db18,0x00000000ebd80000)
  to   space 5632K, 0% used [0x00000000ec100000,0x00000000ec100000,0x00000000ec680000)
 ParOldGen       total 68608K, used 43102K [0x00000000c0000000, 0x00000000c4300000, 0x00000000eab00000)
  object space 68608K, 62% used [0x00000000c0000000,0x00000000c2a17b48,0x00000000c4300000)
 Metaspace       used 56634K, committed 57664K, reserved 1114112K
  class space    used 6080K, committed 6528K, reserved 1048576K
}
Event: 6.249 GC heap before
{Heap before GC invocations=32 (full 2):
 PSYoungGen      total 18944K, used 18934K [0x00000000eab00000, 0x00000000ec680000, 0x0000000100000000)
  eden space 16896K, 100% used [0x00000000eab00000,0x00000000ebb80000,0x00000000ebb80000)
  from space 2048K, 99% used [0x00000000ebb80000,0x00000000ebd7db18,0x00000000ebd80000)
  to   space 5632K, 0% used [0x00000000ec100000,0x00000000ec100000,0x00000000ec680000)
 ParOldGen       total 68608K, used 43102K [0x00000000c0000000, 0x00000000c4300000, 0x00000000eab00000)
  object space 68608K, 62% used [0x00000000c0000000,0x00000000c2a17b48,0x00000000c4300000)
 Metaspace       used 56659K, committed 57664K, reserved 1114112K
  class space    used 6080K, committed 6528K, reserved 1048576K
}
Event: 6.251 GC heap after
{Heap after GC invocations=32 (full 2):
 PSYoungGen      total 20992K, used 3990K [0x00000000eab00000, 0x00000000ec500000, 0x0000000100000000)
  eden space 16896K, 0% used [0x00000000eab00000,0x00000000eab00000,0x00000000ebb80000)
  from space 4096K, 97% used [0x00000000ec100000,0x00000000ec4e59b8,0x00000000ec500000)
  to   space 4608K, 0% used [0x00000000ebc00000,0x00000000ebc00000,0x00000000ec080000)
 ParOldGen       total 68608K, used 45023K [0x00000000c0000000, 0x00000000c4300000, 0x00000000eab00000)
  object space 68608K, 65% used [0x00000000c0000000,0x00000000c2bf7ff0,0x00000000c4300000)
 Metaspace       used 56659K, committed 57664K, reserved 1114112K
  class space    used 6080K, committed 6528K, reserved 1048576K
}

